<?xml version="1.0" encoding="UTF-8"?>
<!-- Generated by org.testng.reporters.JUnitXMLReporter -->
<testsuite hostname="LAPTOP-CQGRI548" name="Test" tests="5" failures="0" timestamp="10 Jan 2021 08:59:55 GMT" time="135.97" errors="0">
  <testcase name="launchSite" time="12.899" classname="mvnpkg.AmazonPr"/>
  <testcase name="search" time="14.39" classname="mvnpkg.AmazonPr"/>
  <testcase name="selectp" time="6.558" classname="mvnpkg.AmazonPr"/>
  <testcase name="newTabs" time="12.705" classname="mvnpkg.AmazonPr"/>
  <testcase name="login" time="64.072" classname="mvnpkg.AmazonPr"/>
</testsuite> <!-- Test -->
